[2020-11-18 12:00:52] local.ERROR: SQLSTATE[42S02]: Base table or view not found: 1146 Table 'laravel_spa.users' doesn't exist (SQL: insert into `users` (`name`, `email`, `password`, `updated_at`, `created_at`) values (Mr. Junk, junk@gmail.com, $2y$10$gKAs.RGBiE/WLMoGI31AVOL5/p2/UekC2WtqSt8RqyTrA7avh1ptW, 2020-11-18 12:00:52, 2020-11-18 12:00:52)) {"exception":"[object] (Illuminate\\Database\\QueryException(code: 42S02): SQLSTATE[42S02]: Base table or view not found: 1146 Table 'laravel_spa.users' doesn't exist (SQL: insert into `users` (`name`, `email`, `password`, `updated_at`, `created_at`) values (Mr. Junk, junk@gmail.com, $2y$10$gKAs.RGBiE/WLMoGI31AVOL5/p2/UekC2WtqSt8RqyTrA7avh1ptW, 2020-11-18 12:00:52, 2020-11-18 12:00:52)) at /home/dr4g0na/Desktop/project/laravel_spa/vendor/laravel/framework/src/Illuminate/Database/Connection.php:664, PDOException(code: 42S02): SQLSTATE[42S02]: Base table or view not found: 1146 Table 'laravel_spa.users' doesn't exist at /home/dr4g0na/Desktop/project/laravel_spa/vendor/laravel/framework/src/Illuminate/Database/Connection.php:452)
[stacktrace]
#0 /home/dr4g0na/Desktop/project/laravel_spa/vendor/laravel/framework/src/Illuminate/Database/Connection.php(624): Illuminate\\Database\\Connection->runQueryCallback('insert into `us...', Array, Object(Closure))
#1 /home/dr4g0na/Desktop/project/laravel_spa/vendor/laravel/framework/src/Illuminate/Database/Connection.php(459): Illuminate\\Database\\Connection->run('insert into `us...', Array, Object(Closure))
#2 /home/dr4g0na/Desktop/project/laravel_spa/vendor/laravel/framework/src/Illuminate/Database/Connection.php(411): Illuminate\\Database\\Connection->statement('insert into `us...', Array)
#3 /home/dr4g0na/Desktop/project/laravel_spa/vendor/laravel/framework/src/Illuminate/Database/Query/Processors/Processor.php(32): Illuminate\\Database\\Connection->insert('insert into `us...', Array)
#4 /home/dr4g0na/Desktop/project/laravel_spa/vendor/laravel/framework/src/Illuminate/Database/Query/Builder.php(2690): Illuminate\\Database\\Query\\Processors\\Processor->processInsertGetId(Object(Illuminate\\Database\\Query\\Builder), 'insert into `us...', Array, 'id')
#5 /home/dr4g0na/Desktop/project/laravel_spa/vendor/laravel/framework/src/Illuminate/Database/Eloquent/Builder.php(1353): Illuminate\\Database\\Query\\Builder->insertGetId(Array, 'id')
#6 /home/dr4g0na/Desktop/project/laravel_spa/vendor/laravel/framework/src/Illuminate/Database/Eloquent/Model.php(839): Illuminate\\Database\\Eloquent\\Builder->__call('insertGetId', Array)
#7 /home/dr4g0na/Desktop/project/laravel_spa/vendor/laravel/framework/src/Illuminate/Database/Eloquent/Model.php(804): Illuminate\\Database\\Eloquent\\Model->insertAndSetId(Object(Illuminate\\Database\\Eloquent\\Builder), Array)
#8 /home/dr4g0na/Desktop/project/laravel_spa/vendor/laravel/framework/src/Illuminate/Database/Eloquent/Model.php(667): Illuminate\\Database\\Eloquent\\Model->performInsert(Object(Illuminate\\Database\\Eloquent\\Builder))
#9 /home/dr4g0na/Desktop/project/laravel_spa/vendor/laravel/framework/src/Illuminate/Database/Eloquent/Builder.php(795): Illuminate\\Database\\Eloquent\\Model->save()
#10 /home/dr4g0na/Desktop/project/laravel_spa/vendor/laravel/framework/src/Illuminate/Support/helpers.php(1124): Illuminate\\Database\\Eloquent\\Builder->Illuminate\\Database\\Eloquent\\{closure}(Object(App\\User))
#11 /home/dr4g0na/Desktop/project/laravel_spa/vendor/laravel/framework/src/Illuminate/Database/Eloquent/Builder.php(796): tap(Object(App\\User), Object(Closure))
#12 /home/dr4g0na/Desktop/project/laravel_spa/vendor/laravel/framework/src/Illuminate/Support/Traits/ForwardsCalls.php(23): Illuminate\\Database\\Eloquent\\Builder->create(Array)
#13 /home/dr4g0na/Desktop/project/laravel_spa/vendor/laravel/framework/src/Illuminate/Database/Eloquent/Model.php(1618): Illuminate\\Database\\Eloquent\\Model->forwardCallTo(Object(Illuminate\\Database\\Eloquent\\Builder), 'create', Array)
#14 /home/dr4g0na/Desktop/project/laravel_spa/vendor/laravel/framework/src/Illuminate/Database/Eloquent/Model.php(1630): Illuminate\\Database\\Eloquent\\Model->__call('create', Array)
#15 /home/dr4g0na/Desktop/project/laravel_spa/database/seeds/UserTableSeeder.php(17): Illuminate\\Database\\Eloquent\\Model::__callStatic('create', Array)
#16 [internal function]: UserTableSeeder->run()
#17 /home/dr4g0na/Desktop/project/laravel_spa/vendor/laravel/framework/src/Illuminate/Container/BoundMethod.php(32): call_user_func_array(Array, Array)
#18 /home/dr4g0na/Desktop/project/laravel_spa/vendor/laravel/framework/src/Illuminate/Container/BoundMethod.php(90): Illuminate\\Container\\BoundMethod::Illuminate\\Container\\{closure}()
#19 /home/dr4g0na/Desktop/project/laravel_spa/vendor/laravel/framework/src/Illuminate/Container/BoundMethod.php(34): Illuminate\\Container\\BoundMethod::callBoundMethod(Object(Illuminate\\Foundation\\Application), Array, Object(Closure))
#20 /home/dr4g0na/Desktop/project/laravel_spa/vendor/laravel/framework/src/Illuminate/Container/Container.php(576): Illuminate\\Container\\BoundMethod::call(Object(Illuminate\\Foundation\\Application), Array, Array, NULL)
#21 /home/dr4g0na/Desktop/project/laravel_spa/vendor/laravel/framework/src/Illuminate/Database/Seeder.php(124): Illuminate\\Container\\Container->call(Array)
#22 /home/dr4g0na/Desktop/project/laravel_spa/vendor/laravel/framework/src/Illuminate/Database/Console/Seeds/SeedCommand.php(63): Illuminate\\Database\\Seeder->__invoke()
#23 /home/dr4g0na/Desktop/project/laravel_spa/vendor/laravel/framework/src/Illuminate/Database/Eloquent/Concerns/GuardsAttributes.php(122): Illuminate\\Database\\Console\\Seeds\\SeedCommand->Illuminate\\Database\\Console\\Seeds\\{closure}()
#24 /home/dr4g0na/Desktop/project/laravel_spa/vendor/laravel/framework/src/Illuminate/Database/Console/Seeds/SeedCommand.php(64): Illuminate\\Database\\Eloquent\\Model::unguarded(Object(Closure))
#25 [internal function]: Illuminate\\Database\\Console\\Seeds\\SeedCommand->handle()
#26 /home/dr4g0na/Desktop/project/laravel_spa/vendor/laravel/framework/src/Illuminate/Container/BoundMethod.php(32): call_user_func_array(Array, Array)
#27 /home/dr4g0na/Desktop/project/laravel_spa/vendor/laravel/framework/src/Illuminate/Container/BoundMethod.php(90): Illuminate\\Container\\BoundMethod::Illuminate\\Container\\{closure}()
#28 /home/dr4g0na/Desktop/project/laravel_spa/vendor/laravel/framework/src/Illuminate/Container/BoundMethod.php(34): Illuminate\\Container\\BoundMethod::callBoundMethod(Object(Illuminate\\Foundation\\Application), Array, Object(Closure))
#29 /home/dr4g0na/Desktop/project/laravel_spa/vendor/laravel/framework/src/Illuminate/Container/Container.php(576): Illuminate\\Container\\BoundMethod::call(Object(Illuminate\\Foundation\\Application), Array, Array, NULL)
#30 /home/dr4g0na/Desktop/project/laravel_spa/vendor/laravel/framework/src/Illuminate/Console/Command.php(183): Illuminate\\Container\\Container->call(Array)
#31 /home/dr4g0na/Desktop/project/laravel_spa/vendor/symfony/console/Command/Command.php(255): Illuminate\\Console\\Command->execute(Object(Symfony\\Component\\Console\\Input\\ArgvInput), Object(Illuminate\\Console\\OutputStyle))
#32 /home/dr4g0na/Desktop/project/laravel_spa/vendor/laravel/framework/src/Illuminate/Console/Command.php(170): Symfony\\Component\\Console\\Command\\Command->run(Object(Symfony\\Component\\Console\\Input\\ArgvInput), Object(Illuminate\\Console\\OutputStyle))
#33 /home/dr4g0na/Desktop/project/laravel_spa/vendor/symfony/console/Application.php(1009): Illuminate\\Console\\Command->run(Object(Symfony\\Component\\Console\\Input\\ArgvInput), Object(Symfony\\Component\\Console\\Output\\ConsoleOutput))
#34 /home/dr4g0na/Desktop/project/laravel_spa/vendor/symfony/console/Application.php(273): Symfony\\Component\\Console\\Application->doRunCommand(Object(Illuminate\\Database\\Console\\Seeds\\SeedCommand), Object(Symfony\\Component\\Console\\Input\\ArgvInput), Object(Symfony\\Component\\Console\\Output\\ConsoleOutput))
#35 /home/dr4g0na/Desktop/project/laravel_spa/vendor/symfony/console/Application.php(149): Symfony\\Component\\Console\\Application->doRun(Object(Symfony\\Component\\Console\\Input\\ArgvInput), Object(Symfony\\Component\\Console\\Output\\ConsoleOutput))
#36 /home/dr4g0na/Desktop/project/laravel_spa/vendor/laravel/framework/src/Illuminate/Console/Application.php(90): Symfony\\Component\\Console\\Application->run(Object(Symfony\\Component\\Console\\Input\\ArgvInput), Object(Symfony\\Component\\Console\\Output\\ConsoleOutput))
#37 /home/dr4g0na/Desktop/project/laravel_spa/vendor/laravel/framework/src/Illuminate/Foundation/Console/Kernel.php(133): Illuminate\\Console\\Application->run(Object(Symfony\\Component\\Console\\Input\\ArgvInput), Object(Symfony\\Component\\Console\\Output\\ConsoleOutput))
#38 /home/dr4g0na/Desktop/project/laravel_spa/artisan(37): Illuminate\\Foundation\\Console\\Kernel->handle(Object(Symfony\\Component\\Console\\Input\\ArgvInput), Object(Symfony\\Component\\Console\\Output\\ConsoleOutput))
#39 {main}
"} 
[2020-11-18 12:02:51] local.ERROR: SQLSTATE[42S02]: Base table or view not found: 1146 Table 'laravel_spa.users' doesn't exist (SQL: insert into `users` (`name`, `email`, `password`, `updated_at`, `created_at`) values (Mr. Junk, junk@gmail.com, $2y$10$u/vjtngDzjE50iM.lJPviOJjMk0n6ft3WGMqUr7qqj3LrypFBk4.u, 2020-11-18 12:02:51, 2020-11-18 12:02:51)) {"exception":"[object] (Illuminate\\Database\\QueryException(code: 42S02): SQLSTATE[42S02]: Base table or view not found: 1146 Table 'laravel_spa.users' doesn't exist (SQL: insert into `users` (`name`, `email`, `password`, `updated_at`, `created_at`) values (Mr. Junk, junk@gmail.com, $2y$10$u/vjtngDzjE50iM.lJPviOJjMk0n6ft3WGMqUr7qqj3LrypFBk4.u, 2020-11-18 12:02:51, 2020-11-18 12:02:51)) at /home/dr4g0na/Desktop/project/laravel_spa/vendor/laravel/framework/src/Illuminate/Database/Connection.php:664, PDOException(code: 42S02): SQLSTATE[42S02]: Base table or view not found: 1146 Table 'laravel_spa.users' doesn't exist at /home/dr4g0na/Desktop/project/laravel_spa/vendor/laravel/framework/src/Illuminate/Database/Connection.php:452)
[stacktrace]
#0 /home/dr4g0na/Desktop/project/laravel_spa/vendor/laravel/framework/src/Illuminate/Database/Connection.php(624): Illuminate\\Database\\Connection->runQueryCallback('insert into `us...', Array, Object(Closure))
#1 /home/dr4g0na/Desktop/project/laravel_spa/vendor/laravel/framework/src/Illuminate/Database/Connection.php(459): Illuminate\\Database\\Connection->run('insert into `us...', Array, Object(Closure))
#2 /home/dr4g0na/Desktop/project/laravel_spa/vendor/laravel/framework/src/Illuminate/Database/Connection.php(411): Illuminate\\Database\\Connection->statement('insert into `us...', Array)
#3 /home/dr4g0na/Desktop/project/laravel_spa/vendor/laravel/framework/src/Illuminate/Database/Query/Processors/Processor.php(32): Illuminate\\Database\\Connection->insert('insert into `us...', Array)
#4 /home/dr4g0na/Desktop/project/laravel_spa/vendor/laravel/framework/src/Illuminate/Database/Query/Builder.php(2690): Illuminate\\Database\\Query\\Processors\\Processor->processInsertGetId(Object(Illuminate\\Database\\Query\\Builder), 'insert into `us...', Array, 'id')
#5 /home/dr4g0na/Desktop/project/laravel_spa/vendor/laravel/framework/src/Illuminate/Database/Eloquent/Builder.php(1353): Illuminate\\Database\\Query\\Builder->insertGetId(Array, 'id')
#6 /home/dr4g0na/Desktop/project/laravel_spa/vendor/laravel/framework/src/Illuminate/Database/Eloquent/Model.php(839): Illuminate\\Database\\Eloquent\\Builder->__call('insertGetId', Array)
#7 /home/dr4g0na/Desktop/project/laravel_spa/vendor/laravel/framework/src/Illuminate/Database/Eloquent/Model.php(804): Illuminate\\Database\\Eloquent\\Model->insertAndSetId(Object(Illuminate\\Database\\Eloquent\\Builder), Array)
#8 /home/dr4g0na/Desktop/project/laravel_spa/vendor/laravel/framework/src/Illuminate/Database/Eloquent/Model.php(667): Illuminate\\Database\\Eloquent\\Model->performInsert(Object(Illuminate\\Database\\Eloquent\\Builder))
#9 /home/dr4g0na/Desktop/project/laravel_spa/vendor/laravel/framework/src/Illuminate/Database/Eloquent/Builder.php(795): Illuminate\\Database\\Eloquent\\Model->save()
#10 /home/dr4g0na/Desktop/project/laravel_spa/vendor/laravel/framework/src/Illuminate/Support/helpers.php(1124): Illuminate\\Database\\Eloquent\\Builder->Illuminate\\Database\\Eloquent\\{closure}(Object(App\\User))
#11 /home/dr4g0na/Desktop/project/laravel_spa/vendor/laravel/framework/src/Illuminate/Database/Eloquent/Builder.php(796): tap(Object(App\\User), Object(Closure))
#12 /home/dr4g0na/Desktop/project/laravel_spa/vendor/laravel/framework/src/Illuminate/Support/Traits/ForwardsCalls.php(23): Illuminate\\Database\\Eloquent\\Builder->create(Array)
#13 /home/dr4g0na/Desktop/project/laravel_spa/vendor/laravel/framework/src/Illuminate/Database/Eloquent/Model.php(1618): Illuminate\\Database\\Eloquent\\Model->forwardCallTo(Object(Illuminate\\Database\\Eloquent\\Builder), 'create', Array)
#14 /home/dr4g0na/Desktop/project/laravel_spa/vendor/laravel/framework/src/Illuminate/Database/Eloquent/Model.php(1630): Illuminate\\Database\\Eloquent\\Model->__call('create', Array)
#15 /home/dr4g0na/Desktop/project/laravel_spa/database/seeds/UserTableSeeder.php(17): Illuminate\\Database\\Eloquent\\Model::__callStatic('create', Array)
#16 [internal function]: UserTableSeeder->run()
#17 /home/dr4g0na/Desktop/project/laravel_spa/vendor/laravel/framework/src/Illuminate/Container/BoundMethod.php(32): call_user_func_array(Array, Array)
#18 /home/dr4g0na/Desktop/project/laravel_spa/vendor/laravel/framework/src/Illuminate/Container/BoundMethod.php(90): Illuminate\\Container\\BoundMethod::Illuminate\\Container\\{closure}()
#19 /home/dr4g0na/Desktop/project/laravel_spa/vendor/laravel/framework/src/Illuminate/Container/BoundMethod.php(34): Illuminate\\Container\\BoundMethod::callBoundMethod(Object(Illuminate\\Foundation\\Application), Array, Object(Closure))
#20 /home/dr4g0na/Desktop/project/laravel_spa/vendor/laravel/framework/src/Illuminate/Container/Container.php(576): Illuminate\\Container\\BoundMethod::call(Object(Illuminate\\Foundation\\Application), Array, Array, NULL)
#21 /home/dr4g0na/Desktop/project/laravel_spa/vendor/laravel/framework/src/Illuminate/Database/Seeder.php(124): Illuminate\\Container\\Container->call(Array)
#22 /home/dr4g0na/Desktop/project/laravel_spa/vendor/laravel/framework/src/Illuminate/Database/Console/Seeds/SeedCommand.php(63): Illuminate\\Database\\Seeder->__invoke()
#23 /home/dr4g0na/Desktop/project/laravel_spa/vendor/laravel/framework/src/Illuminate/Database/Eloquent/Concerns/GuardsAttributes.php(122): Illuminate\\Database\\Console\\Seeds\\SeedCommand->Illuminate\\Database\\Console\\Seeds\\{closure}()
#24 /home/dr4g0na/Desktop/project/laravel_spa/vendor/laravel/framework/src/Illuminate/Database/Console/Seeds/SeedCommand.php(64): Illuminate\\Database\\Eloquent\\Model::unguarded(Object(Closure))
#25 [internal function]: Illuminate\\Database\\Console\\Seeds\\SeedCommand->handle()
#26 /home/dr4g0na/Desktop/project/laravel_spa/vendor/laravel/framework/src/Illuminate/Container/BoundMethod.php(32): call_user_func_array(Array, Array)
#27 /home/dr4g0na/Desktop/project/laravel_spa/vendor/laravel/framework/src/Illuminate/Container/BoundMethod.php(90): Illuminate\\Container\\BoundMethod::Illuminate\\Container\\{closure}()
#28 /home/dr4g0na/Desktop/project/laravel_spa/vendor/laravel/framework/src/Illuminate/Container/BoundMethod.php(34): Illuminate\\Container\\BoundMethod::callBoundMethod(Object(Illuminate\\Foundation\\Application), Array, Object(Closure))
#29 /home/dr4g0na/Desktop/project/laravel_spa/vendor/laravel/framework/src/Illuminate/Container/Container.php(576): Illuminate\\Container\\BoundMethod::call(Object(Illuminate\\Foundation\\Application), Array, Array, NULL)
#30 /home/dr4g0na/Desktop/project/laravel_spa/vendor/laravel/framework/src/Illuminate/Console/Command.php(183): Illuminate\\Container\\Container->call(Array)
#31 /home/dr4g0na/Desktop/project/laravel_spa/vendor/symfony/console/Command/Command.php(255): Illuminate\\Console\\Command->execute(Object(Symfony\\Component\\Console\\Input\\ArgvInput), Object(Illuminate\\Console\\OutputStyle))
#32 /home/dr4g0na/Desktop/project/laravel_spa/vendor/laravel/framework/src/Illuminate/Console/Command.php(170): Symfony\\Component\\Console\\Command\\Command->run(Object(Symfony\\Component\\Console\\Input\\ArgvInput), Object(Illuminate\\Console\\OutputStyle))
#33 /home/dr4g0na/Desktop/project/laravel_spa/vendor/symfony/console/Application.php(1009): Illuminate\\Console\\Command->run(Object(Symfony\\Component\\Console\\Input\\ArgvInput), Object(Symfony\\Component\\Console\\Output\\ConsoleOutput))
#34 /home/dr4g0na/Desktop/project/laravel_spa/vendor/symfony/console/Application.php(273): Symfony\\Component\\Console\\Application->doRunCommand(Object(Illuminate\\Database\\Console\\Seeds\\SeedCommand), Object(Symfony\\Component\\Console\\Input\\ArgvInput), Object(Symfony\\Component\\Console\\Output\\ConsoleOutput))
#35 /home/dr4g0na/Desktop/project/laravel_spa/vendor/symfony/console/Application.php(149): Symfony\\Component\\Console\\Application->doRun(Object(Symfony\\Component\\Console\\Input\\ArgvInput), Object(Symfony\\Component\\Console\\Output\\ConsoleOutput))
#36 /home/dr4g0na/Desktop/project/laravel_spa/vendor/laravel/framework/src/Illuminate/Console/Application.php(90): Symfony\\Component\\Console\\Application->run(Object(Symfony\\Component\\Console\\Input\\ArgvInput), Object(Symfony\\Component\\Console\\Output\\ConsoleOutput))
#37 /home/dr4g0na/Desktop/project/laravel_spa/vendor/laravel/framework/src/Illuminate/Foundation/Console/Kernel.php(133): Illuminate\\Console\\Application->run(Object(Symfony\\Component\\Console\\Input\\ArgvInput), Object(Symfony\\Component\\Console\\Output\\ConsoleOutput))
#38 /home/dr4g0na/Desktop/project/laravel_spa/artisan(37): Illuminate\\Foundation\\Console\\Kernel->handle(Object(Symfony\\Component\\Console\\Input\\ArgvInput), Object(Symfony\\Component\\Console\\Output\\ConsoleOutput))
#39 {main}
"} 
